<?xml version="1.0" encoding="UTF-8"?>
<testng-results skipped="0" failed="0" total="1" passed="1">
  <reporter-output>
  </reporter-output>
  <suite name="Default suite" duration-ms="24337" started-at="2017-09-23T13:38:20Z" finished-at="2017-09-23T13:38:44Z">
    <groups>
    </groups>
    <test name="Default test" duration-ms="24337" started-at="2017-09-23T13:38:20Z" finished-at="2017-09-23T13:38:44Z">
      <class name="testCases.HomePageTest">
        <test-method status="PASS" signature="OpenAndSearch()[pri:0, instance:testCases.HomePageTest@5056dfcb]" name="OpenAndSearch" duration-ms="24297" started-at="2017-09-23T14:38:20Z" finished-at="2017-09-23T14:38:44Z">
          <reporter-output>
          </reporter-output>
        </test-method> <!-- OpenAndSearch -->
      </class> <!-- testCases.HomePageTest -->
    </test> <!-- Default test -->
  </suite> <!-- Default suite -->
</testng-results>
