<?xml version="1.0" encoding="UTF-8"?>
<testng-results skipped="0" failed="0" total="1" passed="1">
  <reporter-output>
  </reporter-output>
  <suite name="Default suite" duration-ms="23869" started-at="2017-09-23T11:42:47Z" finished-at="2017-09-23T11:43:11Z">
    <groups>
    </groups>
    <test name="Default test" duration-ms="23869" started-at="2017-09-23T11:42:47Z" finished-at="2017-09-23T11:43:11Z">
      <class name="testCases.HomePageTest">
        <test-method status="PASS" signature="OpenAndSearch()[pri:0, instance:testCases.HomePageTest@5056dfcb]" name="OpenAndSearch" duration-ms="23813" started-at="2017-09-23T12:42:47Z" finished-at="2017-09-23T12:43:11Z">
          <reporter-output>
          </reporter-output>
        </test-method> <!-- OpenAndSearch -->
      </class> <!-- testCases.HomePageTest -->
    </test> <!-- Default test -->
  </suite> <!-- Default suite -->
</testng-results>
