<?xml version="1.0" encoding="UTF-8"?>
<!-- Generated by org.testng.reporters.JUnitXMLReporter -->
<testsuite hostname="Yoga-Flame" name="Default test" tests="7" failures="0" timestamp="12 Sep 2017 19:30:33 GMT" time="71.947" errors="0">
  <testcase name="LandingPageSearch" time="9.321" classname="primaryNavigation.LL_DataDrivenGetList"/>
  <testcase name="ListAllFilterItems" time="8.313" classname="primaryNavigation.LL_DataDrivenGetList"/>
  <testcase name="ListAllFilterItems" time="7.364" classname="primaryNavigation.LL_DataDrivenGetList"/>
  <testcase name="ListAllFilterItems" time="7.488" classname="primaryNavigation.LL_DataDrivenGetList"/>
  <testcase name="ListAllFilterItems" time="6.846" classname="primaryNavigation.LL_DataDrivenGetList"/>
  <testcase name="ListAllFilterItems" time="5.934" classname="primaryNavigation.LL_DataDrivenGetList"/>
  <testcase name="ListAllFilterItems" time="9.03" classname="primaryNavigation.LL_DataDrivenGetList"/>
</testsuite> <!-- Default test -->
