<?xml version="1.0" encoding="UTF-8"?>
<!-- Generated by org.testng.reporters.JUnitXMLReporter -->
<testsuite hostname="Yoga-Flame" name="Default test" tests="3" failures="0" timestamp="10 Sep 2017 21:57:50 GMT" time="79.948" errors="0">
  <testcase name="assertSitemapPage" time="7.347" classname="Homepage.LatersWeb.smokeTestSite"/>
  <testcase name="openContactForm" time="26.0" classname="Homepage.LatersWeb.smokeTestSite"/>
  <testcase name="openSocialMedia" time="18.356" classname="Homepage.LatersWeb.smokeTestSite"/>
</testsuite> <!-- Default test -->
