<?xml version="1.0" encoding="UTF-8"?>
<!-- Generated by org.testng.reporters.JUnitXMLReporter -->
<testsuite hostname="Yoga-Flame" ignored="1" name="Smoke Test Cases" tests="6" failures="0" timestamp="23 Aug 2017 22:57:03 GMT" time="59.604" errors="0">
  <testcase name="assertSitemapPage" time="4.747" classname="implementingAnnotations.smokeTestSite"/>
  <testcase name="openContactForm" time="17.835" classname="implementingAnnotations.smokeTestSite"/>
  <testcase name="openSocialMedia" time="21.603" classname="implementingAnnotations.smokeTestSite"/>
  <testcase name="openBrowser" time="0.003" classname="comNGFramework.dependencyAnnotations"/>
  <testcase name="timeOutAttribute" time="0.042" classname="comNGFramework.dependencyAnnotations"/>
  <testcase name="openTravelWebsite" time="0.011" classname="comNGFramework.dependencyAnnotations"/>
  <testcase name="knowIssueIgnore" time="0.0" classname="comNGFramework.dependencyAnnotations">
    <ignored/>
  </testcase> <!-- knowIssueIgnore -->
</testsuite> <!-- Smoke Test Cases -->
