<?xml version="1.0" encoding="UTF-8"?>
<!-- Generated by org.testng.reporters.JUnitXMLReporter -->
<testsuite hostname="Yoga-Flame" name="Checking annotations" tests="16" failures="0" timestamp="9 Sep 2017 16:47:08 GMT" time="521.499" errors="0">
  <testcase name="printErrorMessage" time="0.001" classname="comNGFramework.Practice01_Annotations"/>
  <testcase name="openingBrowser" time="0.001" classname="comNGFramework.Practice01_Annotations"/>
  <testcase name="openBrowser" time="0.0" classname="comNGFramework.Practice03_DependencyAnnotations"/>
  <testcase name="timeOutAttribute" time="0.102" classname="comNGFramework.Practice03_DependencyAnnotations"/>
  <testcase name="openBrowser" time="138.88" classname="comNGFramework.Practice10_InheritanceExtends"/>
  <testcase name="openTravelWebsite" time="0.0" classname="comNGFramework.Practice03_DependencyAnnotations"/>
  <testcase name="assertSitemapPage" time="19.807" classname="comNGFramework.Practice04_GroupingTests"/>
  <testcase name="openContactForm" time="54.942" classname="comNGFramework.Practice04_GroupingTests"/>
  <testcase name="openSocialMedia" time="23.911" classname="comNGFramework.Practice04_GroupingTests"/>
  <testcase name="testCountDropMethod" time="0.001" classname="comNGFramework.Practice05_DataDrivenMethod"/>
  <testcase name="testCountDropMethod" time="0.0" classname="comNGFramework.Practice05_DataDrivenMethod"/>
  <testcase name="testCountDropMethod" time="0.001" classname="comNGFramework.Practice05_DataDrivenMethod"/>
  <testcase name="testing" time="0.0" classname="comNGFramework.Practice06_ParamatisingFromXML">
    <skipped/>
  </testcase> <!-- testing -->
  <testcase name="login" time="154.27" classname="comNGFramework.Practice07b_GllobalParamPlayAround"/>
  <testcase name="login" time="0.001" classname="comNGFramework.Practice07_GllobalParameterization"/>
  <testcase name="login" time="41.483" classname="comNGFramework.Practice08_IfElseWebDrivers"/>
</testsuite> <!-- Checking annotations -->
