<?xml version="1.0" encoding="UTF-8"?>
<!-- Generated by org.testng.reporters.JUnitXMLReporter -->
<testsuite hostname="Yoga-Flame" ignored="1" name="Checking annotations" tests="8" failures="0" timestamp="22 Aug 2017 18:23:35 GMT" time="62.785" errors="0">
  <testcase name="assertSitemapPage" time="4.544" classname="implementingAnnotations.smokeTestSite"/>
  <testcase name="openContactForm" time="19.309" classname="implementingAnnotations.smokeTestSite"/>
  <testcase name="openSocialMedia" time="23.487" classname="implementingAnnotations.smokeTestSite"/>
  <testcase name="openingBrowser" time="0.005" classname="comNGFramework.annotations"/>
  <testcase name="printErrorMessage" time="0.002" classname="comNGFramework.annotations"/>
  <testcase name="openBrowser" time="0.005" classname="comNGFramework.dependencyAnnotations"/>
  <testcase name="timeOutAttribute" time="0.083" classname="comNGFramework.dependencyAnnotations"/>
  <testcase name="openTravelWebsite" time="0.012" classname="comNGFramework.dependencyAnnotations"/>
  <testcase name="knowIssueIgnore" time="0.0" classname="comNGFramework.dependencyAnnotations">
    <ignored/>
  </testcase> <!-- knowIssueIgnore -->
</testsuite> <!-- Checking annotations -->
