<?xml version="1.0" encoding="UTF-8"?>
<testng-results skipped="0" failed="0" total="1" passed="1">
  <reporter-output>
  </reporter-output>
  <suite name="Default suite" duration-ms="13973" started-at="2017-09-23T12:11:49Z" finished-at="2017-09-23T12:12:03Z">
    <groups>
    </groups>
    <test name="Default test" duration-ms="13973" started-at="2017-09-23T12:11:49Z" finished-at="2017-09-23T12:12:03Z">
      <class name="homepage.HPPOM_LocalOfficeWidget">
        <test-method status="PASS" signature="searchLowerCase()[pri:0, instance:homepage.HPPOM_LocalOfficeWidget@4c70fda8]" name="searchLowerCase" duration-ms="13883" started-at="2017-09-23T13:11:49Z" finished-at="2017-09-23T13:12:03Z">
          <reporter-output>
          </reporter-output>
        </test-method> <!-- searchLowerCase -->
      </class> <!-- homepage.HPPOM_LocalOfficeWidget -->
    </test> <!-- Default test -->
  </suite> <!-- Default suite -->
</testng-results>
