<?xml version="1.0" encoding="UTF-8"?>
<testng-results skipped="0" failed="0" total="7" passed="7">
  <reporter-output>
  </reporter-output>
  <suite name="Default suite" duration-ms="71947" started-at="2017-09-12T19:29:21Z" finished-at="2017-09-12T19:30:33Z">
    <groups>
    </groups>
    <test name="Default test" duration-ms="71947" started-at="2017-09-12T19:29:21Z" finished-at="2017-09-12T19:30:33Z">
      <class name="primaryNavigation.LL_DataDrivenGetList">
        <test-method status="PASS" signature="InvokeWebDriver()[pri:0, instance:primaryNavigation.LL_DataDrivenGetList@61832929]" name="InvokeWebDriver" is-config="true" duration-ms="16920" started-at="2017-09-12T20:29:21Z" finished-at="2017-09-12T20:29:38Z">
          <reporter-output>
          </reporter-output>
        </test-method> <!-- InvokeWebDriver -->
        <test-method status="PASS" signature="LandingPageSearch(java.lang.String, java.lang.String, java.lang.String)[pri:0, instance:primaryNavigation.LL_DataDrivenGetList@61832929]" name="LandingPageSearch" duration-ms="9321" started-at="2017-09-12T20:29:38Z" data-provider="LandingPageSearchData" finished-at="2017-09-12T20:29:47Z">
          <params>
            <param index="0">
              <value>
                <![CDATA[//div[@class='row']/div/ul/li[5]/a[@href='/en/insights']]]>
              </value>
            </param>
            <param index="1">
              <value>
                <![CDATA[FCA]]>
              </value>
            </param>
            <param index="2">
              <value>
                <![CDATA[//input[@class='string-search']]]>
              </value>
            </param>
          </params>
          <reporter-output>
          </reporter-output>
        </test-method> <!-- LandingPageSearch -->
        <test-method status="PASS" signature="ListAllFilterItems(java.lang.String, java.lang.String, java.lang.String, java.lang.String, java.lang.String)[pri:0, instance:primaryNavigation.LL_DataDrivenGetList@61832929]" name="ListAllFilterItems" duration-ms="8313" started-at="2017-09-12T20:29:47Z" data-provider="FilterPointers" finished-at="2017-09-12T20:29:55Z">
          <params>
            <param index="0">
              <value>
                <![CDATA[//div[@class='row']/div/ul/li[5]/a[@href='/en/insights']]]>
              </value>
            </param>
            <param index="1">
              <value>
                <![CDATA[//div[@class='btn-group bootstrap-select show-tick']/button[@title='Practice']]]>
              </value>
            </param>
            <param index="2">
              <value>
                <![CDATA[//button[@title='Practice']/../select[@name='practice']/option]]>
              </value>
            </param>
            <param index="3">
              <value>
                <![CDATA[//button[@title='Practice']/../div/ul/li[]]>
              </value>
            </param>
            <param index="4">
              <value>
                <![CDATA[Practice Filter Selection count is ]]>
              </value>
            </param>
          </params>
          <reporter-output>
          </reporter-output>
        </test-method> <!-- ListAllFilterItems -->
        <test-method status="PASS" signature="ListAllFilterItems(java.lang.String, java.lang.String, java.lang.String, java.lang.String, java.lang.String)[pri:0, instance:primaryNavigation.LL_DataDrivenGetList@61832929]" name="ListAllFilterItems" duration-ms="7364" started-at="2017-09-12T20:29:55Z" data-provider="FilterPointers" finished-at="2017-09-12T20:30:03Z">
          <params>
            <param index="0">
              <value>
                <![CDATA[//div[@class='row']/div/ul/li[5]/a[@href='/en/insights']]]>
              </value>
            </param>
            <param index="1">
              <value>
                <![CDATA[//div[@class='btn-group bootstrap-select show-tick']/button[@title='Sector']]]>
              </value>
            </param>
            <param index="2">
              <value>
                <![CDATA[//button[@title='Sector']/../select[@title='Sector']/option]]>
              </value>
            </param>
            <param index="3">
              <value>
                <![CDATA[//button[@title='Sector']/../div/ul/li[]]>
              </value>
            </param>
            <param index="4">
              <value>
                <![CDATA[Sector Filter Selection count is ]]>
              </value>
            </param>
          </params>
          <reporter-output>
          </reporter-output>
        </test-method> <!-- ListAllFilterItems -->
        <test-method status="PASS" signature="ListAllFilterItems(java.lang.String, java.lang.String, java.lang.String, java.lang.String, java.lang.String)[pri:0, instance:primaryNavigation.LL_DataDrivenGetList@61832929]" name="ListAllFilterItems" duration-ms="7488" started-at="2017-09-12T20:30:03Z" data-provider="FilterPointers" finished-at="2017-09-12T20:30:10Z">
          <params>
            <param index="0">
              <value>
                <![CDATA[//div[@class='row']/div/ul/li[5]/a[@href='/en/insights']]]>
              </value>
            </param>
            <param index="1">
              <value>
                <![CDATA[//button[@title='Year']]]>
              </value>
            </param>
            <param index="2">
              <value>
                <![CDATA[//button[@title='Year']/../select[@title='Year']/option]]>
              </value>
            </param>
            <param index="3">
              <value>
                <![CDATA[//button[@title='Year']/../div/ul/li[]]>
              </value>
            </param>
            <param index="4">
              <value>
                <![CDATA[Year Filter Selection count is ]]>
              </value>
            </param>
          </params>
          <reporter-output>
          </reporter-output>
        </test-method> <!-- ListAllFilterItems -->
        <test-method status="PASS" signature="ListAllFilterItems(java.lang.String, java.lang.String, java.lang.String, java.lang.String, java.lang.String)[pri:0, instance:primaryNavigation.LL_DataDrivenGetList@61832929]" name="ListAllFilterItems" duration-ms="6846" started-at="2017-09-12T20:30:10Z" data-provider="FilterPointers" finished-at="2017-09-12T20:30:17Z">
          <params>
            <param index="0">
              <value>
                <![CDATA[//div[@class='row']/div/ul/li[5]/a[@href='/en/insights']]]>
              </value>
            </param>
            <param index="1">
              <value>
                <![CDATA[//button[@title='Month']]]>
              </value>
            </param>
            <param index="2">
              <value>
                <![CDATA[//button[@title='Month']/../select[@title='Month']/option]]>
              </value>
            </param>
            <param index="3">
              <value>
                <![CDATA[//button[@title='Month']/../div/ul/li[]]>
              </value>
            </param>
            <param index="4">
              <value>
                <![CDATA[Month Filter Selection count is ]]>
              </value>
            </param>
          </params>
          <reporter-output>
          </reporter-output>
        </test-method> <!-- ListAllFilterItems -->
        <test-method status="PASS" signature="ListAllFilterItems(java.lang.String, java.lang.String, java.lang.String, java.lang.String, java.lang.String)[pri:0, instance:primaryNavigation.LL_DataDrivenGetList@61832929]" name="ListAllFilterItems" duration-ms="5934" started-at="2017-09-12T20:30:17Z" data-provider="FilterPointers" finished-at="2017-09-12T20:30:23Z">
          <params>
            <param index="0">
              <value>
                <![CDATA[//div[@class='row']/div/ul/li[5]/a[@href='/en/insights']]]>
              </value>
            </param>
            <param index="1">
              <value>
                <![CDATA[//button[@title='Type']]]>
              </value>
            </param>
            <param index="2">
              <value>
                <![CDATA[//button[@title='Type']/../select[@title='Type']/option]]>
              </value>
            </param>
            <param index="3">
              <value>
                <![CDATA[//button[@title='Type']/../div/ul/li[]]>
              </value>
            </param>
            <param index="4">
              <value>
                <![CDATA[Type Filter Selection count is ]]>
              </value>
            </param>
          </params>
          <reporter-output>
          </reporter-output>
        </test-method> <!-- ListAllFilterItems -->
        <test-method status="PASS" signature="ListAllFilterItems(java.lang.String, java.lang.String, java.lang.String, java.lang.String, java.lang.String)[pri:0, instance:primaryNavigation.LL_DataDrivenGetList@61832929]" name="ListAllFilterItems" duration-ms="9030" started-at="2017-09-12T20:30:23Z" data-provider="FilterPointers" finished-at="2017-09-12T20:30:32Z">
          <params>
            <param index="0">
              <value>
                <![CDATA[//div[@class='row']/div/ul/li[5]/a[@href='/en/insights']]]>
              </value>
            </param>
            <param index="1">
              <value>
                <![CDATA[//button[@title='Jurisdiction']]]>
              </value>
            </param>
            <param index="2">
              <value>
                <![CDATA[//button[@title='Jurisdiction']/../select[@title='Jurisdiction']/option]]>
              </value>
            </param>
            <param index="3">
              <value>
                <![CDATA[//button[@title='Jurisdiction']/../div/ul/li[]]>
              </value>
            </param>
            <param index="4">
              <value>
                <![CDATA[Jurisdiction Filter Selection count is ]]>
              </value>
            </param>
          </params>
          <reporter-output>
          </reporter-output>
        </test-method> <!-- ListAllFilterItems -->
        <test-method status="PASS" signature="TestTearDown()[pri:0, instance:primaryNavigation.LL_DataDrivenGetList@61832929]" name="TestTearDown" is-config="true" duration-ms="633" started-at="2017-09-12T20:30:32Z" finished-at="2017-09-12T20:30:33Z">
          <reporter-output>
          </reporter-output>
        </test-method> <!-- TestTearDown -->
      </class> <!-- primaryNavigation.LL_DataDrivenGetList -->
    </test> <!-- Default test -->
  </suite> <!-- Default suite -->
</testng-results>
