<?xml version="1.0" encoding="UTF-8"?>
<testng-results skipped="0" failed="0" ignored="0" total="1" passed="1">
  <reporter-output>
  </reporter-output>
  <suite name="Default suite" duration-ms="48168" started-at="2017-09-05T21:32:14Z" finished-at="2017-09-05T21:33:02Z">
    <groups>
    </groups>
    <test name="Default test" duration-ms="48168" started-at="2017-09-05T21:32:14Z" finished-at="2017-09-05T21:33:02Z">
      <class name="comNGFramework.Practice07b_GllobalParamPlayAround">
        <test-method status="PASS" signature="initiateChromeLaunch()[pri:0, instance:comNGFramework.Practice07b_GllobalParamPlayAround@14acaea5]" name="initiateChromeLaunch" is-config="true" duration-ms="22931" started-at="2017-09-05T23:32:14Z" finished-at="2017-09-05T23:32:37Z">
          <reporter-output>
          </reporter-output>
        </test-method> <!-- initiateChromeLaunch -->
        <test-method status="PASS" signature="login()[pri:0, instance:comNGFramework.Practice07b_GllobalParamPlayAround@14acaea5]" name="login" duration-ms="25178" started-at="2017-09-05T23:32:37Z" finished-at="2017-09-05T23:33:02Z">
          <reporter-output>
          </reporter-output>
        </test-method> <!-- login -->
      </class> <!-- comNGFramework.Practice07b_GllobalParamPlayAround -->
    </test> <!-- Default test -->
  </suite> <!-- Default suite -->
</testng-results>
