<?xml version="1.0" encoding="UTF-8"?>
<!-- Generated by org.testng.reporters.JUnitXMLReporter -->
<testsuite hostname="Yoga-Flame" ignored="0" name="Default test" tests="2" failures="0" timestamp="27 Aug 2017 16:19:52 GMT" time="42.643" errors="0">
  <testcase name="ListAllFilterItems" time="10.212" classname="implementingAnnotations.LL_DataDrivenGetList"/>
  <testcase name="ListAllFilterItems" time="8.58" classname="implementingAnnotations.LL_DataDrivenGetList"/>
</testsuite> <!-- Default test -->
