<?xml version="1.0" encoding="UTF-8"?>
<!-- Generated by org.testng.reporters.JUnitXMLReporter -->
<testsuite hostname="Yoga-Flame" ignored="1" name="Default test" tests="1" failures="0" timestamp="12 Sep 2017 19:00:51 GMT" time="28.15" errors="0">
  <testcase name="practiceDropDown" time="5.231" classname="implementingAnnotations.insightsPracticeFilter"/>
  <testcase name="openSocialMedia" time="0.0" classname="implementingAnnotations.insightsPracticeFilter">
    <ignored/>
  </testcase> <!-- openSocialMedia -->
</testsuite> <!-- Default test -->
